c:\users\rtyui\documents\visual studio 2017\projects\project1\project1\debug\vc141.pdb
c:\users\rtyui\documents\visual studio 2017\projects\project1\project1\debug\vc141.idb
c:\users\rtyui\documents\visual studio 2017\projects\project1\project1\debug\源.obj
c:\users\rtyui\documents\visual studio 2017\projects\project1\project1\debug\pf_hashtable.obj
c:\users\rtyui\documents\visual studio 2017\projects\project1\project1\debug\pf_pagehandle.obj
c:\users\rtyui\documents\visual studio 2017\projects\project1\project1\debug\pf_statistics.obj
c:\users\rtyui\documents\visual studio 2017\projects\project1\project1\debug\pf_error.obj
c:\users\rtyui\documents\visual studio 2017\projects\project1\project1\debug\pf_test3.obj
c:\users\rtyui\documents\visual studio 2017\projects\project1\project1\debug\rm_error.obj
c:\users\rtyui\documents\visual studio 2017\projects\project1\project1\debug\rm_rid.obj
c:\users\rtyui\documents\visual studio 2017\projects\project1\project1\debug\sm_attriterator.obj
c:\users\rtyui\documents\visual studio 2017\projects\project1\project1\debug\sm_error.obj
c:\users\rtyui\documents\visual studio 2017\projects\project1\project1\debug\statistics.obj
c:\users\rtyui\documents\visual studio 2017\projects\project1\project1\debug\ix_error.obj
c:\users\rtyui\documents\visual studio 2017\projects\project1\project1\debug\node_sel.obj
c:\users\rtyui\documents\visual studio 2017\projects\project1\project1\debug\parser_test.obj
c:\users\rtyui\documents\visual studio 2017\projects\project1\project1\debug\printer.obj
c:\users\rtyui\documents\visual studio 2017\projects\project1\project1\debug\ql_error.obj
c:\users\rtyui\documents\visual studio 2017\projects\project1\project1\debug\ql_nodejoin.obj
c:\users\rtyui\documents\visual studio 2017\projects\project1\project1\debug\ql_nodeproj.obj
c:\users\rtyui\documents\visual studio 2017\projects\project1\project1\debug\ql_noderel.obj
c:\users\rtyui\documents\visual studio 2017\projects\project1\project1\debug\ql_nodesel.obj
c:\users\rtyui\documents\visual studio 2017\projects\project1\project1\debug\redbase.obj
c:\users\rtyui\documents\visual studio 2017\projects\project1\project1\debug\rm_filehandle.obj
c:\users\rtyui\documents\visual studio 2017\projects\project1\project1\debug\rm_filescan.obj
c:\users\rtyui\documents\visual studio 2017\projects\project1\project1\debug\rm_manager.obj
c:\users\rtyui\documents\visual studio 2017\projects\project1\project1\debug\rm_record.obj
c:\users\rtyui\documents\visual studio 2017\projects\project1\project1\debug\dbdestroy.obj
c:\users\rtyui\documents\visual studio 2017\projects\project1\project1\debug\ix_indexscan.obj
c:\users\rtyui\documents\visual studio 2017\projects\project1\project1\debug\filemanager.obj
c:\users\rtyui\documents\visual studio 2017\projects\project1\project1\debug\hashtable.obj
c:\users\rtyui\documents\visual studio 2017\projects\project1\project1\debug\filehandle.obj
c:\users\rtyui\documents\visual studio 2017\projects\project1\project1\debug\main.obj
c:\users\rtyui\documents\visual studio 2017\projects\project1\project1\debug\buffermanager.obj
c:\users\rtyui\documents\visual studio 2017\projects\project1\project1\debug\pagehandle.obj
c:\users\rtyui\documents\visual studio 2017\projects\project1\project1\debug\rm_filemanager.obj
c:\users\rtyui\documents\visual studio 2017\projects\project1\project1\debug\rm_test.obj
c:\users\rtyui\documents\visual studio 2017\projects\project1\project1\debug\analysis.obj
c:\users\rtyui\documents\visual studio 2017\projects\project1\project1\debug\sm_test.obj
c:\users\rtyui\documents\visual studio 2017\projects\project1\project1\debug\sm_manager.obj
c:\users\rtyui\documents\visual studio 2017\projects\project1\debug\project1.exe
c:\users\rtyui\documents\visual studio 2017\projects\project1\debug\project1.ilk
c:\users\rtyui\documents\visual studio 2017\projects\project1\debug\project1.pdb
c:\users\rtyui\documents\visual studio 2017\projects\project1\project1\debug\sm_manager.obj.enc
c:\users\rtyui\documents\visual studio 2017\projects\project1\project1\debug\project1.tlog\cl.command.1.tlog
c:\users\rtyui\documents\visual studio 2017\projects\project1\project1\debug\project1.tlog\cl.read.1.tlog
c:\users\rtyui\documents\visual studio 2017\projects\project1\project1\debug\project1.tlog\cl.write.1.tlog
c:\users\rtyui\documents\visual studio 2017\projects\project1\project1\debug\project1.tlog\link.command.1.tlog
c:\users\rtyui\documents\visual studio 2017\projects\project1\project1\debug\project1.tlog\link.read.1.tlog
c:\users\rtyui\documents\visual studio 2017\projects\project1\project1\debug\project1.tlog\link.write.1.tlog
